Arguments: 
  D:\Program Files\nodejs\node.exe C:\Users\haoyufan\AppData\Roaming\npm\node_modules\yarn\bin\yarn.js add karma-webpack -D

PATH: 
  C:\Users\haoyufan\bin;D:\Program Files\Git\mingw64\bin;D:\Program Files\Git\usr\local\bin;D:\Program Files\Git\usr\bin;D:\Program Files\Git\usr\bin;D:\Program Files\Git\mingw64\bin;D:\Program Files\Git\usr\bin;C:\Users\haoyufan\bin;C:\Windows\system32;C:\Windows;C:\Windows\System32\Wbem;C:\Windows\System32\WindowsPowerShell\v1.0;D:\Program Files\Git\cmd;D:\Program Files\nodejs;C:\Users\haoyufan\AppData\Local\Microsoft\WindowsApps;C:\Users\haoyufan\AppData\Roaming\npm;D:\Program Files\Microsoft VS Code\bin;C:\Users\haoyufan\AppData\Local\Programs\Fiddler;D:\Program Files\Git\usr\bin\vendor_perl;D:\Program Files\Git\usr\bin\core_perl

Yarn version: 
  1.5.1

Node version: 
  8.10.0

Platform: 
  win32 x64

npm manifest: 
  {
    "devDependencies": {
      "babel-core": "^6.26.3",
      "babel-loader": "^7.1.4",
      "babel-plugin-istanbul": "^4.1.6",
      "babel-preset-env": "^1.7.0",
      "istanbul-instrumenter-loader": "^3.0.1",
      "jasmine-core": "^3.1.0",
      "karma": "^2.0.0",
      "karma-chrome-launcher": "^2.2.0",
      "karma-coverage": "^1.1.1",
      "karma-coverage-istanbul-reporter": "^2.0.0",
      "karma-jasmine": "^1.1.1",
      "karma-phantomjs-launcher": "^1.0.4",
      "webpack": "^4.8.3"
    }
  }

yarn manifest: 
  No manifest

Lockfile: 
  No lockfile

Trace: 
  Error: ENOENT: no such file or directory, copyfile 'C:\Users\haoyufan\AppData\Local\Yarn\Cache\v1\npm-arr-diff-2.0.0-8f3b827f955a8bd669697e4a4256ac3ceae356cf\LICENSE' -> 'C:\Users\haoyufan\Downloads\blog\karma\node_modules\anymatch\node_modules\arr-diff\LICENSE'
